<?xml version="1.0" encoding="UTF-8"?>
<robot generator="Robot 6.1.1 (Python 3.10.12 on linux)" generated="20240514 09:07:48.339" rpa="false" schemaversion="4">
<suite id="s1" name="Test" source="/home/andrei/Desktop/Comanda/test.robot">
<test id="s1-t1" name="Test Menu Route" line="10">
<kw name="Create Session" library="RequestsLibrary">
<arg>restaurant</arg>
<arg>${BASE_URL}</arg>
<doc>Create Session: create a HTTP session to a server</doc>
<msg timestamp="20240514 09:07:48.499" level="INFO">Creating Session using : alias=restaurant, url=http://127.0.0.1:5000, headers={},                     cookies={}, auth=None, timeout=None, proxies=None, verify=False,                     debug=0 </msg>
<status status="PASS" starttime="20240514 09:07:48.499" endtime="20240514 09:07:48.500"/>
</kw>
<kw name="GET" library="RequestsLibrary">
<var>${response}</var>
<arg>http://127.0.0.1:5000/menu_route</arg>
<doc>Sends a GET request.</doc>
<msg timestamp="20240514 09:07:48.506" level="INFO">GET Request : url=http://127.0.0.1:5000/menu_route 
 path_url=/menu_route 
 headers={'User-Agent': 'python-requests/2.25.1', 'Accept-Encoding': 'gzip, deflate', 'Accept': '*/*', 'Connection': 'keep-alive'} 
 body=None 
 </msg>
<msg timestamp="20240514 09:07:48.506" level="INFO">GET Response : url=http://127.0.0.1:5000/menu_route 
 status=200, reason=OK 
 headers={'Server': 'Werkzeug/3.0.2 Python/3.10.12', 'Date': 'Tue, 14 May 2024 06:07:48 GMT', 'Content-Type': 'application/json', 'Content-Length': '649', 'Connection': 'close'} 
 body={
  "dishes": [
    {
      "name": "Pui",
      "nutritional_values(kcal)": 200,
      "price": 10,
      "quantity(g)": 100,
      "ratings": 4.5
    },
    {
      "name": "Orez",
      "nutritional_values(kcal)": 400,
      "price": 16,
      "quantity(g)": 200,
      "ratings": 3.8
    }
  ],
  "drinks": [
    {
      "isAlcohol": false,
      "name": "Cola",
      "nutritional_values(kcal)": 80,
      "price": 20,
      "quantity(ml)": 300,
      "ratings": 4.2
    },
    {
      "isAlcohol": true,
      "name": "Vin",
      "nutritional_values(kcal)": 100,
      "price": 30,
      "quantity(ml)": 150,
      "ratings": 4.8
    }
  ]
}
 
 </msg>
<msg timestamp="20240514 09:07:48.506" level="INFO">${response} = &lt;Response [200]&gt;</msg>
<status status="PASS" starttime="20240514 09:07:48.500" endtime="20240514 09:07:48.506"/>
</kw>
<kw name="Should Be Equal As Strings" library="BuiltIn">
<arg>${response.status_code}</arg>
<arg>200</arg>
<doc>Fails if objects are unequal after converting them to strings.</doc>
<msg timestamp="20240514 09:07:48.507" level="INFO">Argument types are:
&lt;class 'int'&gt;
&lt;class 'str'&gt;</msg>
<status status="PASS" starttime="20240514 09:07:48.506" endtime="20240514 09:07:48.507"/>
</kw>
<kw name="Evaluate" library="BuiltIn">
<var>${menu}</var>
<arg>json.loads("""${response.content}""")</arg>
<arg>json</arg>
<doc>Evaluates the given expression in Python and returns the result.</doc>
<msg timestamp="20240514 09:07:48.508" level="INFO">${menu} = {'dishes': [{'name': 'Pui', 'nutritional_values(kcal)': 200, 'price': 10, 'quantity(g)': 100, 'ratings': 4.5}, {'name': 'Orez', 'nutritional_values(kcal)': 400, 'price': 16, 'quantity(g)': 200, 'ratin...</msg>
<status status="PASS" starttime="20240514 09:07:48.507" endtime="20240514 09:07:48.508"/>
</kw>
<kw name="Log" library="BuiltIn">
<arg>${menu}</arg>
<doc>Logs the given message with the given level.</doc>
<msg timestamp="20240514 09:07:48.508" level="INFO">{'dishes': [{'name': 'Pui', 'nutritional_values(kcal)': 200, 'price': 10, 'quantity(g)': 100, 'ratings': 4.5}, {'name': 'Orez', 'nutritional_values(kcal)': 400, 'price': 16, 'quantity(g)': 200, 'ratings': 3.8}], 'drinks': [{'isAlcohol': False, 'name': 'Cola', 'nutritional_values(kcal)': 80, 'price': 20, 'quantity(ml)': 300, 'ratings': 4.2}, {'isAlcohol': True, 'name': 'Vin', 'nutritional_values(kcal)': 100, 'price': 30, 'quantity(ml)': 150, 'ratings': 4.8}]}</msg>
<status status="PASS" starttime="20240514 09:07:48.508" endtime="20240514 09:07:48.509"/>
</kw>
<kw name="Should Contain" library="BuiltIn">
<arg>${menu}</arg>
<arg>dishes</arg>
<doc>Fails if ``container`` does not contain ``item`` one or more times.</doc>
<status status="PASS" starttime="20240514 09:07:48.509" endtime="20240514 09:07:48.509"/>
</kw>
<kw name="Should Contain" library="BuiltIn">
<arg>${menu}</arg>
<arg>drinks</arg>
<doc>Fails if ``container`` does not contain ``item`` one or more times.</doc>
<status status="PASS" starttime="20240514 09:07:48.509" endtime="20240514 09:07:48.509"/>
</kw>
<doc>ruta /menu_route</doc>
<status status="PASS" starttime="20240514 09:07:48.498" endtime="20240514 09:07:48.510"/>
</test>
<test id="s1-t2" name="Test Create Reservation Route" line="20">
<kw name="Create Session" library="RequestsLibrary">
<arg>restaurant</arg>
<arg>${BASE_URL}</arg>
<doc>Create Session: create a HTTP session to a server</doc>
<msg timestamp="20240514 09:07:48.511" level="INFO">Creating Session using : alias=restaurant, url=http://127.0.0.1:5000, headers={},                     cookies={}, auth=None, timeout=None, proxies=None, verify=False,                     debug=0 </msg>
<status status="PASS" starttime="20240514 09:07:48.510" endtime="20240514 09:07:48.511"/>
</kw>
<kw name="Create Dictionary" library="BuiltIn">
<var>${data}</var>
<arg>number_clients=2</arg>
<arg>reservation_time=2024-05-12</arg>
<doc>Creates and returns a dictionary based on the given ``items``.</doc>
<msg timestamp="20240514 09:07:48.512" level="INFO">${data} = {'number_clients': '2', 'reservation_time': '2024-05-12'}</msg>
<status status="PASS" starttime="20240514 09:07:48.511" endtime="20240514 09:07:48.512"/>
</kw>
<kw name="POST" library="RequestsLibrary">
<var>${response}</var>
<arg>http://127.0.0.1:5000/createReservation</arg>
<arg>data=${data}</arg>
<doc>Sends a POST request.</doc>
<msg timestamp="20240514 09:07:48.518" level="INFO">POST Request : url=http://127.0.0.1:5000/createReservation 
 path_url=/createReservation 
 headers={'User-Agent': 'python-requests/2.25.1', 'Accept-Encoding': 'gzip, deflate', 'Accept': '*/*', 'Connection': 'keep-alive', 'Content-Length': '44', 'Content-Type': 'application/x-www-form-urlencoded'} 
 body=number_clients=2&amp;reservation_time=2024-05-12 
 </msg>
<msg timestamp="20240514 09:07:48.518" level="INFO">POST Response : url=http://127.0.0.1:5000/createReservation 
 status=200, reason=OK 
 headers={'Server': 'Werkzeug/3.0.2 Python/3.10.12', 'Date': 'Tue, 14 May 2024 06:07:48 GMT', 'Content-Type': 'text/html; charset=utf-8', 'Content-Length': '47', 'Connection': 'close'} 
 body=The date must be greater than the current date! 
 </msg>
<msg timestamp="20240514 09:07:48.518" level="INFO">${response} = &lt;Response [200]&gt;</msg>
<status status="PASS" starttime="20240514 09:07:48.512" endtime="20240514 09:07:48.518"/>
</kw>
<kw name="Should Be Equal As Strings" library="BuiltIn">
<arg>${response.status_code}</arg>
<arg>200</arg>
<doc>Fails if objects are unequal after converting them to strings.</doc>
<msg timestamp="20240514 09:07:48.519" level="INFO">Argument types are:
&lt;class 'int'&gt;
&lt;class 'str'&gt;</msg>
<status status="PASS" starttime="20240514 09:07:48.518" endtime="20240514 09:07:48.519"/>
</kw>
<kw name="Log" library="BuiltIn">
<arg>${response.content}</arg>
<doc>Logs the given message with the given level.</doc>
<msg timestamp="20240514 09:07:48.519" level="INFO">The date must be greater than the current date!</msg>
<status status="PASS" starttime="20240514 09:07:48.519" endtime="20240514 09:07:48.519"/>
</kw>
<doc>ruta /createReservation</doc>
<status status="PASS" starttime="20240514 09:07:48.510" endtime="20240514 09:07:48.520"/>
</test>
<test id="s1-t3" name="Test Create Reservation Invalid Route" line="28">
<kw name="Create Session" library="RequestsLibrary">
<arg>reservation</arg>
<arg>${BASE_URL}</arg>
<doc>Create Session: create a HTTP session to a server</doc>
<msg timestamp="20240514 09:07:48.520" level="INFO">Creating Session using : alias=reservation, url=http://127.0.0.1:5000, headers={},                     cookies={}, auth=None, timeout=None, proxies=None, verify=False,                     debug=0 </msg>
<status status="PASS" starttime="20240514 09:07:48.520" endtime="20240514 09:07:48.520"/>
</kw>
<kw name="Create Dictionary" library="BuiltIn">
<var>${data}</var>
<arg>number_clients=7</arg>
<arg>reservation_time=2023-01-01</arg>
<doc>Creates and returns a dictionary based on the given ``items``.</doc>
<msg timestamp="20240514 09:07:48.521" level="INFO">${data} = {'number_clients': '7', 'reservation_time': '2023-01-01'}</msg>
<status status="PASS" starttime="20240514 09:07:48.521" endtime="20240514 09:07:48.521"/>
</kw>
<kw name="POST" library="RequestsLibrary">
<var>${response}</var>
<arg>${BASE_URL}/createReservation</arg>
<arg>data=${data}</arg>
<arg>expected_status=any</arg>
<doc>Sends a POST request.</doc>
<msg timestamp="20240514 09:07:48.526" level="INFO">POST Request : url=http://127.0.0.1:5000/createReservation 
 path_url=/createReservation 
 headers={'User-Agent': 'python-requests/2.25.1', 'Accept-Encoding': 'gzip, deflate', 'Accept': '*/*', 'Connection': 'keep-alive', 'Content-Length': '44', 'Content-Type': 'application/x-www-form-urlencoded'} 
 body=number_clients=7&amp;reservation_time=2023-01-01 
 </msg>
<msg timestamp="20240514 09:07:48.526" level="INFO">POST Response : url=http://127.0.0.1:5000/createReservation 
 status=200, reason=OK 
 headers={'Server': 'Werkzeug/3.0.2 Python/3.10.12', 'Date': 'Tue, 14 May 2024 06:07:48 GMT', 'Content-Type': 'text/html; charset=utf-8', 'Content-Length': '47', 'Connection': 'close'} 
 body=The date must be greater than the current date! 
 </msg>
<msg timestamp="20240514 09:07:48.527" level="INFO">${response} = &lt;Response [200]&gt;</msg>
<status status="PASS" starttime="20240514 09:07:48.521" endtime="20240514 09:07:48.527"/>
</kw>
<kw name="Should Not Be Equal As Strings" library="BuiltIn">
<arg>${response.status_code}</arg>
<arg>403</arg>
<doc>Fails if objects are equal after converting them to strings.</doc>
<msg timestamp="20240514 09:07:48.528" level="INFO">Argument types are:
&lt;class 'int'&gt;
&lt;class 'str'&gt;</msg>
<status status="PASS" starttime="20240514 09:07:48.527" endtime="20240514 09:07:48.528"/>
</kw>
<kw name="Log" library="BuiltIn">
<arg>${response.content}</arg>
<doc>Logs the given message with the given level.</doc>
<msg timestamp="20240514 09:07:48.528" level="INFO">The date must be greater than the current date!</msg>
<status status="PASS" starttime="20240514 09:07:48.528" endtime="20240514 09:07:48.528"/>
</kw>
<kw name="Should Contain" library="BuiltIn">
<arg>${response.content}</arg>
<arg>"Maxim five clients for a reservation!"</arg>
<doc>Fails if ``container`` does not contain ``item`` one or more times.</doc>
<msg timestamp="20240514 09:07:48.530" level="FAIL">TypeError: a bytes-like object is required, not 'str'</msg>
<status status="FAIL" starttime="20240514 09:07:48.528" endtime="20240514 09:07:48.530"/>
</kw>
<doc>creare de rezervare cu date invalide</doc>
<status status="FAIL" starttime="20240514 09:07:48.520" endtime="20240514 09:07:48.530">TypeError: a bytes-like object is required, not 'str'</status>
</test>
<test id="s1-t4" name="Test Users Route" line="38">
<kw name="Create Session" library="RequestsLibrary">
<arg>users</arg>
<arg>${BASE_URL}</arg>
<doc>Create Session: create a HTTP session to a server</doc>
<msg timestamp="20240514 09:07:48.531" level="INFO">Creating Session using : alias=users, url=http://127.0.0.1:5000, headers={},                     cookies={}, auth=None, timeout=None, proxies=None, verify=False,                     debug=0 </msg>
<status status="PASS" starttime="20240514 09:07:48.531" endtime="20240514 09:07:48.531"/>
</kw>
<kw name="GET" library="RequestsLibrary">
<var>${response}</var>
<arg>${BASE_URL}/users</arg>
<arg>expected_status=200</arg>
<doc>Sends a GET request.</doc>
<msg timestamp="20240514 09:07:48.546" level="INFO">GET Request : url=http://127.0.0.1:5000/users 
 path_url=/users 
 headers={'User-Agent': 'python-requests/2.25.1', 'Accept-Encoding': 'gzip, deflate', 'Accept': '*/*', 'Connection': 'keep-alive'} 
 body=None 
 </msg>
<msg timestamp="20240514 09:07:48.547" level="INFO">GET Response : url=http://127.0.0.1:5000/users 
 status=200, reason=OK 
 headers={'Server': 'Werkzeug/3.0.2 Python/3.10.12', 'Date': 'Tue, 14 May 2024 06:07:48 GMT', 'Content-Type': 'application/json', 'Content-Length': '145', 'Connection': 'close'} 
 body=[
  {
    "age": 23,
    "email": "dsadsads@gmail.com",
    "id": 100,
    "name": "dsdas",
    "phone": "423432",
    "surname": "dsadsa"
  }
]
 
 </msg>
<msg timestamp="20240514 09:07:48.547" level="INFO">${response} = &lt;Response [200]&gt;</msg>
<status status="PASS" starttime="20240514 09:07:48.531" endtime="20240514 09:07:48.547"/>
</kw>
<kw name="Log" library="BuiltIn">
<arg>${response.content}</arg>
<doc>Logs the given message with the given level.</doc>
<msg timestamp="20240514 09:07:48.547" level="INFO">[
  {
    "age": 23,
    "email": "dsadsads@gmail.com",
    "id": 100,
    "name": "dsdas",
    "phone": "423432",
    "surname": "dsadsa"
  }
]
</msg>
<status status="PASS" starttime="20240514 09:07:48.547" endtime="20240514 09:07:48.547"/>
</kw>
<kw name="Evaluate" library="BuiltIn">
<var>${users}</var>
<arg>json.loads("""${response.content}""")</arg>
<arg>json</arg>
<doc>Evaluates the given expression in Python and returns the result.</doc>
<msg timestamp="20240514 09:07:48.548" level="INFO">${users} = [{'age': 23, 'email': 'dsadsads@gmail.com', 'id': 100, 'name': 'dsdas', 'phone': '423432', 'surname': 'dsadsa'}]</msg>
<status status="PASS" starttime="20240514 09:07:48.547" endtime="20240514 09:07:48.548"/>
</kw>
<kw name="Should Not Be Empty" library="BuiltIn">
<arg>${users}</arg>
<doc>Verifies that the given item is not empty.</doc>
<msg timestamp="20240514 09:07:48.548" level="INFO">Length is 1</msg>
<status status="PASS" starttime="20240514 09:07:48.548" endtime="20240514 09:07:48.548"/>
</kw>
<kw name="Get From List" library="Collections">
<var>${first_user}</var>
<arg>${users}</arg>
<arg>0</arg>
<doc>Returns the value specified with an ``index`` from ``list``.</doc>
<msg timestamp="20240514 09:07:48.548" level="INFO">${first_user} = {'age': 23, 'email': 'dsadsads@gmail.com', 'id': 100, 'name': 'dsdas', 'phone': '423432', 'surname': 'dsadsa'}</msg>
<status status="PASS" starttime="20240514 09:07:48.548" endtime="20240514 09:07:48.548"/>
</kw>
<kw name="Dictionary Should Contain Key" library="Collections">
<arg>${first_user}</arg>
<arg>id</arg>
<doc>Fails if ``key`` is not found from ``dictionary``.</doc>
<status status="PASS" starttime="20240514 09:07:48.548" endtime="20240514 09:07:48.549"/>
</kw>
<kw name="Dictionary Should Contain Key" library="Collections">
<arg>${first_user}</arg>
<arg>name</arg>
<doc>Fails if ``key`` is not found from ``dictionary``.</doc>
<status status="PASS" starttime="20240514 09:07:48.549" endtime="20240514 09:07:48.549"/>
</kw>
<kw name="Dictionary Should Contain Key" library="Collections">
<arg>${first_user}</arg>
<arg>email</arg>
<doc>Fails if ``key`` is not found from ``dictionary``.</doc>
<status status="PASS" starttime="20240514 09:07:48.549" endtime="20240514 09:07:48.549"/>
</kw>
<kw name="Delete All Sessions" library="RequestsLibrary" type="TEARDOWN">
<doc>Removes all the session objects</doc>
<msg timestamp="20240514 09:07:48.549" level="INFO">Deleting All Sessions</msg>
<status status="PASS" starttime="20240514 09:07:48.549" endtime="20240514 09:07:48.549"/>
</kw>
<doc>Ruta /users</doc>
<status status="PASS" starttime="20240514 09:07:48.530" endtime="20240514 09:07:48.549"/>
</test>
<test id="s1-t5" name="Test Ratings Route" line="51">
<kw name="Create Session" library="RequestsLibrary">
<arg>ratings</arg>
<arg>${BASE_URL}</arg>
<doc>Create Session: create a HTTP session to a server</doc>
<msg timestamp="20240514 09:07:48.550" level="INFO">Creating Session using : alias=ratings, url=http://127.0.0.1:5000, headers={},                     cookies={}, auth=None, timeout=None, proxies=None, verify=False,                     debug=0 </msg>
<status status="PASS" starttime="20240514 09:07:48.550" endtime="20240514 09:07:48.550"/>
</kw>
<kw name="GET" library="RequestsLibrary">
<var>${response}</var>
<arg>${BASE_URL}/ratings</arg>
<arg>expected_status=200</arg>
<doc>Sends a GET request.</doc>
<msg timestamp="20240514 09:07:48.575" level="INFO">GET Request : url=http://127.0.0.1:5000/ratings 
 path_url=/ratings 
 headers={'User-Agent': 'python-requests/2.25.1', 'Accept-Encoding': 'gzip, deflate', 'Accept': '*/*', 'Connection': 'keep-alive'} 
 body=None 
 </msg>
<msg timestamp="20240514 09:07:48.575" level="INFO">GET Response : url=http://127.0.0.1:5000/ratings 
 status=200, reason=OK 
 headers={'Server': 'Werkzeug/3.0.2 Python/3.10.12', 'Date': 'Tue, 14 May 2024 06:07:48 GMT', 'Content-Type': 'text/html; charset=utf-8', 'Content-Length': '4784', 'Connection': 'close'} 
 body=&lt;!DOCTYPE html&gt;
&lt;html lang="en"&gt;
&lt;head&gt;
    &lt;meta charset="UTF-8"&gt;
    &lt;meta name="viewport" content="width=device-width, initial-scale=1.0"&gt;
    &lt;title&gt;Ratings&lt;/title&gt;
    &lt;link rel="stylesheet" href="https://cdnjs.cloudflare.com/ajax/libs/font-awesome/5.15.4/css/all.min.css"&gt;
    &lt;style&gt;
        .rating {
            color: #FFD700;
        }
        .rating-value {
            color: black;
        }
    &lt;/style&gt;
&lt;/head&gt;
&lt;body&gt;
    &lt;div class="content"&gt;
        &lt;h1&gt;Ratings&lt;/h1&gt;
        &lt;ul&gt;
             
                    
                        &lt;li&gt;
                            
                                Dish: Pui - Rating:
                            
                            &lt;span class="rating"&gt;
                                
                                
                                
                                
                                    &lt;i class="fas fa-star"&gt;&lt;/i&gt;
                                
                                    &lt;i class="fas fa-star"&gt;&lt;/i&gt;
                                
                                    &lt;i class="fas fa-star"&gt;&lt;/i&gt;
                                
                                    &lt;i class="fas fa-star"&gt;&lt;/i&gt;
                                
                                
                                    &lt;i class="fas fa-star-half-alt"&gt;&lt;/i&gt;
                                
                                
                                &lt;span class="rating-value"&gt;4.5/5&lt;/span&gt;
                            &lt;/span&gt;
                        &lt;/li&gt;
                    
                        &lt;li&gt;
                            
                                Dish: Orez - Rating:
                            
                            &lt;span class="rating"&gt;
                                
                                
                                
                                
                                    &lt;i class="fas fa-star"&gt;&lt;/i&gt;
                                
                                    &lt;i class="fas fa-star"&gt;&lt;/i&gt;
                                
                                    &lt;i class="fas fa-star"&gt;&lt;/i&gt;
                                
                                
                                    &lt;i class="fas fa-star-half-alt"&gt;&lt;/i&gt;
                                
                                
                                    &lt;i class="far fa-star"&gt;&lt;/i&gt;
                                
                                &lt;span class="rating-value"&gt;3.8/5&lt;/span&gt;
                            &lt;/span&gt;
                        &lt;/li&gt;
                    
                
                    
                        &lt;li&gt;
                            
                                Drink: Cola - Rating:
                            
                            &lt;span class="rating"&gt;
                                
                                
                                
                                
                                    &lt;i class="fas fa-star"&gt;&lt;/i&gt;
                                
                                    &lt;i class="fas fa-star"&gt;&lt;/i&gt;
                                
                                    &lt;i class="fas fa-star"&gt;&lt;/i&gt;
                                
                                    &lt;i class="fas fa-star"&gt;&lt;/i&gt;
                                
                                
                                
                                    &lt;i class="far fa-star"&gt;&lt;/i&gt;
                                
                                &lt;span class="rating-value"&gt;4.2/5&lt;/span&gt;
                            &lt;/span&gt;
                        &lt;/li&gt;
                    
                        &lt;li&gt;
                            
                                Drink: Vin - Rating:
                            
                            &lt;span class="rating"&gt;
                                
                                
                                
                                
                                    &lt;i class="fas fa-star"&gt;&lt;/i&gt;
                                
                                    &lt;i class="fas fa-star"&gt;&lt;/i&gt;
                                
                                    &lt;i class="fas fa-star"&gt;&lt;/i&gt;
                                
                                    &lt;i class="fas fa-star"&gt;&lt;/i&gt;
                                
                                
                                    &lt;i class="fas fa-star-half-alt"&gt;&lt;/i&gt;
                                
                                
                                &lt;span class="rating-value"&gt;4.8/5&lt;/span&gt;
                            &lt;/span&gt;
                        &lt;/li&gt;
                    
                
        &lt;/ul&gt;
    &lt;/div&gt;
&lt;/body&gt;
&lt;/html&gt; 
 </msg>
<msg timestamp="20240514 09:07:48.575" level="INFO">${response} = &lt;Response [200]&gt;</msg>
<status status="PASS" starttime="20240514 09:07:48.550" endtime="20240514 09:07:48.575"/>
</kw>
<kw name="Convert To String" library="BuiltIn">
<var>${response_content}</var>
<arg>${response.content}</arg>
<doc>Converts the given item to a Unicode string.</doc>
<msg timestamp="20240514 09:07:48.576" level="INFO">${response_content} = &lt;!DOCTYPE html&gt;
&lt;html lang="en"&gt;
&lt;head&gt;
    &lt;meta charset="UTF-8"&gt;
    &lt;meta name="viewport" content="width=device-width, initial-scale=1.0"&gt;
    &lt;title&gt;Ratings&lt;/title&gt;
    &lt;link rel="stylesheet" href...</msg>
<status status="PASS" starttime="20240514 09:07:48.575" endtime="20240514 09:07:48.576"/>
</kw>
<kw name="Log" library="BuiltIn">
<arg>${response_content}</arg>
<doc>Logs the given message with the given level.</doc>
<msg timestamp="20240514 09:07:48.576" level="INFO">&lt;!DOCTYPE html&gt;
&lt;html lang="en"&gt;
&lt;head&gt;
    &lt;meta charset="UTF-8"&gt;
    &lt;meta name="viewport" content="width=device-width, initial-scale=1.0"&gt;
    &lt;title&gt;Ratings&lt;/title&gt;
    &lt;link rel="stylesheet" href="https://cdnjs.cloudflare.com/ajax/libs/font-awesome/5.15.4/css/all.min.css"&gt;
    &lt;style&gt;
        .rating {
            color: #FFD700;
        }
        .rating-value {
            color: black;
        }
    &lt;/style&gt;
&lt;/head&gt;
&lt;body&gt;
    &lt;div class="content"&gt;
        &lt;h1&gt;Ratings&lt;/h1&gt;
        &lt;ul&gt;
             
                    
                        &lt;li&gt;
                            
                                Dish: Pui - Rating:
                            
                            &lt;span class="rating"&gt;
                                
                                
                                
                                
                                    &lt;i class="fas fa-star"&gt;&lt;/i&gt;
                                
                                    &lt;i class="fas fa-star"&gt;&lt;/i&gt;
                                
                                    &lt;i class="fas fa-star"&gt;&lt;/i&gt;
                                
                                    &lt;i class="fas fa-star"&gt;&lt;/i&gt;
                                
                                
                                    &lt;i class="fas fa-star-half-alt"&gt;&lt;/i&gt;
                                
                                
                                &lt;span class="rating-value"&gt;4.5/5&lt;/span&gt;
                            &lt;/span&gt;
                        &lt;/li&gt;
                    
                        &lt;li&gt;
                            
                                Dish: Orez - Rating:
                            
                            &lt;span class="rating"&gt;
                                
                                
                                
                                
                                    &lt;i class="fas fa-star"&gt;&lt;/i&gt;
                                
                                    &lt;i class="fas fa-star"&gt;&lt;/i&gt;
                                
                                    &lt;i class="fas fa-star"&gt;&lt;/i&gt;
                                
                                
                                    &lt;i class="fas fa-star-half-alt"&gt;&lt;/i&gt;
                                
                                
                                    &lt;i class="far fa-star"&gt;&lt;/i&gt;
                                
                                &lt;span class="rating-value"&gt;3.8/5&lt;/span&gt;
                            &lt;/span&gt;
                        &lt;/li&gt;
                    
                
                    
                        &lt;li&gt;
                            
                                Drink: Cola - Rating:
                            
                            &lt;span class="rating"&gt;
                                
                                
                                
                                
                                    &lt;i class="fas fa-star"&gt;&lt;/i&gt;
                                
                                    &lt;i class="fas fa-star"&gt;&lt;/i&gt;
                                
                                    &lt;i class="fas fa-star"&gt;&lt;/i&gt;
                                
                                    &lt;i class="fas fa-star"&gt;&lt;/i&gt;
                                
                                
                                
                                    &lt;i class="far fa-star"&gt;&lt;/i&gt;
                                
                                &lt;span class="rating-value"&gt;4.2/5&lt;/span&gt;
                            &lt;/span&gt;
                        &lt;/li&gt;
                    
                        &lt;li&gt;
                            
                                Drink: Vin - Rating:
                            
                            &lt;span class="rating"&gt;
                                
                                
                                
                                
                                    &lt;i class="fas fa-star"&gt;&lt;/i&gt;
                                
                                    &lt;i class="fas fa-star"&gt;&lt;/i&gt;
                                
                                    &lt;i class="fas fa-star"&gt;&lt;/i&gt;
                                
                                    &lt;i class="fas fa-star"&gt;&lt;/i&gt;
                                
                                
                                    &lt;i class="fas fa-star-half-alt"&gt;&lt;/i&gt;
                                
                                
                                &lt;span class="rating-value"&gt;4.8/5&lt;/span&gt;
                            &lt;/span&gt;
                        &lt;/li&gt;
                    
                
        &lt;/ul&gt;
    &lt;/div&gt;
&lt;/body&gt;
&lt;/html&gt;</msg>
<status status="PASS" starttime="20240514 09:07:48.576" endtime="20240514 09:07:48.577"/>
</kw>
<kw name="Should Contain" library="BuiltIn">
<arg>${response_content}</arg>
<arg>&lt;h1&gt;Ratings&lt;/h1&gt;</arg>
<doc>Fails if ``container`` does not contain ``item`` one or more times.</doc>
<status status="PASS" starttime="20240514 09:07:48.577" endtime="20240514 09:07:48.577"/>
</kw>
<kw name="Delete All Sessions" library="RequestsLibrary" type="TEARDOWN">
<doc>Removes all the session objects</doc>
<msg timestamp="20240514 09:07:48.577" level="INFO">Deleting All Sessions</msg>
<status status="PASS" starttime="20240514 09:07:48.577" endtime="20240514 09:07:48.577"/>
</kw>
<doc>Ruta /ratings</doc>
<status status="PASS" starttime="20240514 09:07:48.550" endtime="20240514 09:07:48.577"/>
</test>
<status status="FAIL" starttime="20240514 09:07:48.341" endtime="20240514 09:07:48.578"/>
</suite>
<statistics>
<total>
<stat pass="4" fail="1" skip="0">All Tests</stat>
</total>
<tag>
</tag>
<suite>
<stat pass="4" fail="1" skip="0" id="s1" name="Test">Test</stat>
</suite>
</statistics>
<errors>
</errors>
</robot>
